c:\users\jovan\desktop\dev\c,c++\collisions\static_sfml_template\release\vc140.pdb
c:\users\jovan\desktop\dev\c,c++\collisions\static_sfml_template\release\quadtree.obj
c:\users\jovan\desktop\dev\c,c++\collisions\static_sfml_template\release\quadnode.obj
c:\users\jovan\desktop\dev\c,c++\collisions\static_sfml_template\release\main.obj
c:\users\jovan\desktop\dev\c,c++\collisions\static_sfml_template\release\colobj.obj
c:\users\jovan\desktop\dev\c,c++\collisions\static_sfml_template\release\isptree.obj
c:\users\jovan\desktop\dev\c,c++\collisions\static_sfml_template\release\ispnode.obj
c:\users\jovan\desktop\dev\c,c++\collisions\static_sfml_template\release\quadtreenode.obj
c:\users\jovan\desktop\dev\c,c++\collisions\static_sfml_template\release\quadtreeentity.obj
c:\users\jovan\desktop\dev\c,c++\collisions\static_sfml_template\release\quadtreedomain.obj
c:\users\jovan\desktop\dev\c,c++\collisions\static_sfml_template\release\newmain.obj
c:\users\jovan\desktop\dev\c,c++\collisions\static_sfml_template\release\mtquadtreedomain.obj
c:\users\jovan\desktop\dev\c,c++\collisions\static_sfml_template\release\boundingbox.obj
c:\users\jovan\desktop\dev\c,c++\collisions\static_sfml_template\release\collisions.exe
c:\users\jovan\desktop\dev\c,c++\collisions\static_sfml_template\release\collisions.ipdb
c:\users\jovan\desktop\dev\c,c++\collisions\static_sfml_template\release\collisions.iobj
c:\users\jovan\desktop\dev\c,c++\collisions\static_sfml_template\release\collisions.pdb
c:\users\jovan\desktop\dev\c,c++\collisions\static_sfml_template\release\collisions.tlog\cl.command.1.tlog
c:\users\jovan\desktop\dev\c,c++\collisions\static_sfml_template\release\collisions.tlog\cl.read.1.tlog
c:\users\jovan\desktop\dev\c,c++\collisions\static_sfml_template\release\collisions.tlog\cl.write.1.tlog
c:\users\jovan\desktop\dev\c,c++\collisions\static_sfml_template\release\collisions.tlog\link.command.1.tlog
c:\users\jovan\desktop\dev\c,c++\collisions\static_sfml_template\release\collisions.tlog\link.read.1.tlog
c:\users\jovan\desktop\dev\c,c++\collisions\static_sfml_template\release\collisions.tlog\link.write.1.tlog
